TN:
SF:/Users/zhangjiashuo/Desktop/DeFi-Testing/contracts/solidity/contracts/BancorNetwork.sol
FN:66,constructor
FN:74,setMaxAffiliateFee
FN:88,registerEtherToken
FN:111,convertFor2
FN:153,xConvert2
FN:196,convertByPath
FN:245,getReturn
FN:276,getReturnByPath
FN:357,claimAndConvertFor2
FN:379,convert2
FN:396,claimAndConvert2
FN:409,ensureTransferFrom
FN:432,ensureAllowance
FN:441,isWhitelisted
FN:454,handleValue
FN:469,convert
FN:481,claimAndConvert
FN:493,convertFor
FN:506,claimAndConvertFor
FN:519,xConvert
FN:537,xConvertPrioritized3
FN:558,xConvertPrioritized2
FN:577,xConvertPrioritized
FN:599,convertForPrioritized4
FN:618,convertForPrioritized3
FN:639,convertForPrioritized2
FN:659,convertForPrioritized
FNF:27
FNH:26
FNDA:214,constructor
FNDA:3,setMaxAffiliateFee
FNDA:11,registerEtherToken
FNDA:153,convertFor2
FNDA:38,xConvert2
FNDA:168,convertByPath
FNDA:202,getReturn
FNDA:23,getReturnByPath
FNDA:12,claimAndConvertFor2
FNDA:21,convert2
FNDA:5,claimAndConvert2
FNDA:111,ensureTransferFrom
FNDA:154,ensureAllowance
FNDA:145,isWhitelisted
FNDA:179,handleValue
FNDA:10,convert
FNDA:2,claimAndConvert
FNDA:10,convertFor
FNDA:3,claimAndConvertFor
FNDA:4,xConvert
FNDA:10,xConvertPrioritized3
FNDA:2,xConvertPrioritized2
FNDA:2,xConvertPrioritized
FNDA:3,convertForPrioritized4
FNDA:3,convertForPrioritized3
FNDA:3,convertForPrioritized2
FNDA:0,convertForPrioritized
DA:78,3
DA:79,2
DA:94,11
DA:113,153
DA:116,145
DA:119,141
DA:122,130
DA:127,99
DA:128,99
DA:129,12
DA:131,87
DA:133,99
DA:168,38
DA:171,38
DA:174,38
DA:177,38
DA:180,38
DA:182,38
DA:203,168
DA:204,168
DA:205,168
DA:207,168
DA:208,168
DA:209,134
DA:210,134
DA:213,34
DA:214,34
DA:218,168
DA:219,203
DA:222,203
DA:223,154
DA:226,203
DA:229,172
DA:230,34
DA:231,34
DA:232,34
DA:233,34
DA:236,172
DA:237,172
DA:240,137
DA:246,202
DA:247,202
DA:249,202
DA:263,202
DA:277,23
DA:278,23
DA:279,23
DA:280,23
DA:281,23
DA:282,23
DA:283,23
DA:285,23
DA:288,23
DA:291,21
DA:292,31
DA:293,31
DA:294,31
DA:296,31
DA:298,17
DA:299,17
DA:300,17
DA:304,16
DA:305,16
DA:306,16
DA:307,16
DA:308,16
DA:311,16
DA:315,12
DA:316,10
DA:317,10
DA:321,12
DA:322,12
DA:323,12
DA:324,12
DA:325,12
DA:328,12
DA:332,2
DA:333,2
DA:336,2
DA:340,20
DA:361,12
DA:362,12
DA:363,8
DA:380,21
DA:397,5
DA:414,111
DA:415,111
DA:416,87
DA:418,24
DA:419,107
DA:420,107
DA:433,154
DA:434,154
DA:435,154
DA:436,0
DA:437,154
DA:442,145
DA:443,145
DA:444,182
DA:445,182
DA:446,178
DA:447,178
DA:448,4
DA:451,141
DA:456,179
DA:457,85
DA:458,74
DA:462,12
DA:475,10
DA:487,2
DA:500,10
DA:513,3
DA:531,4
DA:552,10
DA:571,2
DA:593,2
DA:612,3
DA:633,3
DA:653,3
DA:672,0
LF:120
LH:118
BRDA:78,1,0,2
BRDA:78,1,1,1
BRDA:113,2,0,145
BRDA:113,2,1,8
BRDA:116,3,0,141
BRDA:116,3,1,4
BRDA:128,4,0,12
BRDA:128,4,1,87
BRDA:168,5,0,38
BRDA:168,5,1,0
BRDA:171,6,0,38
BRDA:171,6,1,0
BRDA:208,7,0,134
BRDA:208,7,1,34
BRDA:209,8,0,134
BRDA:209,8,1,0
BRDA:213,9,0,34
BRDA:213,9,1,0
BRDA:222,10,0,154
BRDA:222,10,1,49
BRDA:229,11,0,34
BRDA:229,11,1,138
BRDA:231,12,0,34
BRDA:231,12,1,0
BRDA:288,13,0,21
BRDA:288,13,1,2
BRDA:296,14,0,17
BRDA:296,14,1,14
BRDA:298,15,0,17
BRDA:298,15,1,0
BRDA:313,16,0,12
BRDA:313,16,1,2
BRDA:315,17,0,10
BRDA:315,17,1,2
BRDA:332,18,0,2
BRDA:332,18,1,0
BRDA:415,19,0,87
BRDA:415,19,1,24
BRDA:420,20,0,107
BRDA:420,20,1,0
BRDA:434,21,0,154
BRDA:434,21,1,0
BRDA:435,22,0,0
BRDA:435,22,1,154
BRDA:445,23,0,178
BRDA:445,23,1,4
BRDA:447,24,0,4
BRDA:447,24,1,174
BRDA:456,25,0,85
BRDA:456,25,1,94
BRDA:457,26,0,74
BRDA:457,26,1,11
BRDA:461,27,0,12
BRDA:461,27,1,82
BRF:54
BRH:44
end_of_record
TN:
SF:/Users/zhangjiashuo/Desktop/DeFi-Testing/contracts/solidity/contracts/BancorNetworkPathFinder.sol
FN:21,constructor
FN:29,setAnchorToken
FN:41,generatePath
FN:56,getPath
FN:90,getShortestPath
FN:127,getInitialArray
FN:142,getExtendedArray
FN:159,getPartialArray
FNF:8
FNH:8
FNDA:1,constructor
FNDA:1,setAnchorToken
FNDA:227,generatePath
FNDA:1506,getPath
FNDA:227,getShortestPath
FNDA:1054,getInitialArray
FNDA:1052,getExtendedArray
FNDA:144,getPartialArray
DA:30,1
DA:42,227
DA:43,227
DA:44,227
DA:45,227
DA:57,1506
DA:58,362
DA:60,1144
DA:61,1144
DA:62,692
DA:64,452
DA:66,1144
DA:67,1052
DA:68,1052
DA:69,1052
DA:70,1412
DA:71,1412
DA:72,1052
DA:73,1052
DA:74,1052
DA:79,92
DA:91,227
DA:92,144
DA:93,144
DA:94,144
DA:95,534
DA:96,534
DA:99,144
DA:100,144
DA:101,594
DA:102,144
DA:103,450
DA:105,144
DA:106,144
DA:107,780
DA:108,1464
DA:109,132
DA:111,780
DA:114,144
DA:117,83
DA:128,1054
DA:129,1054
DA:130,1054
DA:143,1052
DA:144,1052
DA:145,1052
DA:146,1052
DA:147,3992
DA:148,1052
DA:160,144
DA:161,144
DA:162,780
DA:163,144
LF:53
LH:53
BRDA:57,1,0,362
BRDA:57,1,1,1144
BRDA:61,2,0,692
BRDA:61,2,1,452
BRDA:71,3,0,1052
BRDA:71,3,1,360
BRDA:73,4,0,1052
BRDA:73,4,1,0
BRDA:91,5,0,144
BRDA:91,5,1,83
BRDA:108,6,0,132
BRDA:108,6,1,1332
BRF:12
BRH:11
end_of_record
TN:
SF:/Users/zhangjiashuo/Desktop/DeFi-Testing/contracts/solidity/contracts/bancorx/BancorX.sol
FN:144,constructor
FN:174,isReporter
FN:180,whenXTransfersEnabled
FN:186,whenReportingEnabled
FN:196,setMaxLockLimit
FN:205,setMaxReleaseLimit
FN:214,setMinLimit
FN:223,setLimitIncPerBlock
FN:232,setMinRequiredReports
FN:242,setReporter
FN:251,enableXTransfers
FN:260,enableReporting
FN:271,upgrade
FN:286,xTransfer
FN:311,xTransfer
FN:337,reportTx
FN:402,getXTransferAmount
FN:417,getCurrentLockLimit
FN:430,getCurrentReleaseLimit
FN:443,lockTokens
FN:457,releaseTokens
FNF:21
FNH:20
FNDA:38,constructor
FNDA:54,isReporter
FNDA:50,whenXTransfersEnabled
FNDA:52,whenReportingEnabled
FNDA:2,setMaxLockLimit
FNDA:2,setMaxReleaseLimit
FNDA:2,setMinLimit
FNDA:2,setLimitIncPerBlock
FNDA:2,setMinRequiredReports
FNDA:50,setReporter
FNDA:2,enableXTransfers
FNDA:2,enableReporting
FNDA:0,upgrade
FNDA:10,xTransfer
FNDA:38,xTransfer
FNDA:50,reportTx
FNDA:8,getXTransferAmount
FNDA:76,getCurrentLockLimit
FNDA:14,getCurrentReleaseLimit
FNDA:44,lockTokens
FNDA:14,releaseTokens
DA:157,38
DA:158,38
DA:159,38
DA:160,38
DA:161,38
DA:164,38
DA:165,38
DA:166,38
DA:167,38
DA:169,38
DA:170,38
DA:175,54
DA:176,52
DA:181,50
DA:182,48
DA:187,52
DA:188,50
DA:197,2
DA:206,2
DA:215,2
DA:224,2
DA:233,2
DA:243,50
DA:252,2
DA:261,2
DA:272,0
DA:274,0
DA:275,0
DA:276,0
DA:288,10
DA:291,10
DA:293,6
DA:296,6
DA:297,6
DA:300,6
DA:313,38
DA:316,38
DA:318,38
DA:321,38
DA:322,38
DA:325,38
DA:349,50
DA:352,48
DA:354,48
DA:357,48
DA:358,18
DA:359,18
DA:360,18
DA:362,18
DA:364,18
DA:365,18
DA:369,30
DA:371,28
DA:372,28
DA:377,46
DA:379,46
DA:382,46
DA:383,14
DA:386,14
DA:388,14
DA:390,14
DA:404,8
DA:407,8
DA:409,6
DA:419,76
DA:420,76
DA:421,28
DA:422,48
DA:432,14
DA:433,14
DA:434,7
DA:435,7
DA:444,44
DA:445,41
DA:447,3
DA:448,44
DA:459,14
DA:461,14
DA:464,10
DA:465,10
DA:468,10
DA:470,10
LF:82
LH:78
BRDA:175,1,0,52
BRDA:175,1,1,2
BRDA:181,2,0,48
BRDA:181,2,1,2
BRDA:187,3,0,50
BRDA:187,3,1,2
BRDA:291,4,0,6
BRDA:291,4,1,4
BRDA:316,5,0,38
BRDA:316,5,1,0
BRDA:349,6,0,48
BRDA:349,6,1,2
BRDA:357,7,0,18
BRDA:357,7,1,30
BRDA:362,8,0,18
BRDA:362,8,1,0
BRDA:364,9,0,18
BRDA:364,9,1,0
BRDA:369,10,0,28
BRDA:369,10,1,2
BRDA:371,11,0,28
BRDA:371,11,1,0
BRDA:372,12,0,28
BRDA:372,12,1,0
BRDA:382,13,0,14
BRDA:382,13,1,32
BRDA:383,14,0,14
BRDA:383,14,1,0
BRDA:407,15,0,6
BRDA:407,15,1,2
BRDA:420,16,0,28
BRDA:420,16,1,48
BRDA:433,17,0,7
BRDA:433,17,1,7
BRDA:444,18,0,41
BRDA:444,18,1,3
BRDA:461,19,0,10
BRDA:461,19,1,4
BRF:38
BRH:32
end_of_record
TN:
SF:/Users/zhangjiashuo/Desktop/DeFi-Testing/contracts/solidity/contracts/bancorx/interfaces/IBancorX.sol
FNF:0
FNH:0
LF:0
LH:0
BRF:0
BRH:0
end_of_record
TN:
SF:/Users/zhangjiashuo/Desktop/DeFi-Testing/contracts/solidity/contracts/bancorx/interfaces/IBancorXUpgrader.sol
FNF:0
FNH:0
LF:0
LH:0
BRF:0
BRH:0
end_of_record
TN:
SF:/Users/zhangjiashuo/Desktop/DeFi-Testing/contracts/solidity/contracts/bancorx/XTransferRerouter.sol
FN:20,constructor
FN:28,enableRerouting
FN:33,whenReroutingEnabled
FN:45,rerouteTx
FNF:4
FNH:4
FNDA:4,constructor
FNDA:1,enableRerouting
FNDA:2,whenReroutingEnabled
FNDA:1,rerouteTx
DA:21,4
DA:29,1
DA:34,2
DA:35,1
DA:53,1
LF:5
LH:5
BRDA:34,1,0,1
BRDA:34,1,1,1
BRF:2
BRH:2
end_of_record
TN:
SF:/Users/zhangjiashuo/Desktop/DeFi-Testing/contracts/solidity/contracts/converter/BancorConverter.sol
FN:112,constructor
FN:136,protected
FN:144,validReserve
FN:150,validConversionFee
FN:156,validReserveRatio
FN:162,totalSupplyGreaterThanZeroOnly
FN:168,multipleReservesOnly
FN:179,reserveTokenCount
FN:190,setConversionWhitelist
FN:206,transferTokenOwnership
FN:219,acceptTokenOwnership
FN:233,setConversionFee
FN:250,getFinalAmount
FN:264,withdrawTokens
FN:278,upgrade
FN:294,addReserve
FN:322,updateReserveVirtualBalance
FN:341,getReserveRatio
FN:358,getReserveBalance
FN:377,getReturn
FN:399,getPurchaseReturn
FN:427,getSaleReturn
FN:456,getCrossReserveReturn
FN:492,convertInternal
FN:546,buy
FN:577,sell
FN:618,convert2
FN:637,quickConvert2
FN:675,completeXConversion2
FN:708,ensureTransferFrom
FN:730,fund
FN:769,liquidate
FN:808,dispatchConversionEvent
FN:820,change
FN:827,convert
FN:834,quickConvert
FN:841,quickConvertPrioritized2
FN:848,quickConvertPrioritized
FN:855,completeXConversion
FN:862,connectors
FN:870,connectorTokens
FN:877,connectorTokenCount
FN:884,addConnector
FN:891,updateConnector
FN:898,getConnectorBalance
FN:905,getCrossConnectorReturn
FNF:46
FNH:44
FNDA:236,constructor
FNDA:218,protected
FNDA:430,validReserve
FNDA:237,validConversionFee
FNDA:386,validReserveRatio
FNDA:164,totalSupplyGreaterThanZeroOnly
FNDA:17,multipleReservesOnly
FNDA:2240,reserveTokenCount
FNDA:21,setConversionWhitelist
FNDA:6,transferTokenOwnership
FNDA:163,acceptTokenOwnership
FNDA:52,setConversionFee
FNDA:211,getFinalAmount
FNDA:19,withdrawTokens
FNDA:8,upgrade
FNDA:383,addReserve
FNDA:1,updateReserveVirtualBalance
FNDA:1,getReserveRatio
FNDA:163,getReserveBalance
FNDA:17,getReturn
FNDA:126,getPurchaseReturn
FNDA:43,getSaleReturn
FNDA:40,getCrossReserveReturn
FNDA:197,convertInternal
FNDA:118,buy
FNDA:40,sell
FNDA:54,convert2
FNDA:98,quickConvert2
FNDA:8,completeXConversion2
FNDA:278,ensureTransferFrom
FNDA:7,fund
FNDA:8,liquidate
FNDA:172,dispatchConversionEvent
FNDA:201,change
FNDA:27,convert
FNDA:19,quickConvert
FNDA:3,quickConvertPrioritized2
FNDA:3,quickConvertPrioritized
FNDA:4,completeXConversion
FNDA:125,connectors
FNDA:2993,connectorTokens
FNDA:2238,connectorTokenCount
FNDA:60,addConnector
FNDA:0,updateConnector
FNDA:38,getConnectorBalance
FNDA:0,getCrossConnectorReturn
DA:123,236
DA:126,236
DA:127,184
DA:129,236
DA:131,236
DA:132,176
DA:137,218
DA:138,218
DA:139,218
DA:140,185
DA:145,430
DA:146,418
DA:151,237
DA:152,236
DA:157,386
DA:158,383
DA:163,164
DA:164,163
DA:169,17
DA:170,15
DA:180,2240
DA:195,21
DA:211,6
DA:224,163
DA:237,52
DA:238,50
DA:239,50
DA:251,211
DA:265,19
DA:269,19
DA:270,17
DA:279,8
DA:281,8
DA:282,8
DA:283,6
DA:302,383
DA:304,380
DA:305,380
DA:306,380
DA:307,380
DA:308,380
DA:309,380
DA:310,380
DA:328,1
DA:329,1
DA:330,1
DA:347,1
DA:364,163
DA:378,17
DA:381,15
DA:382,3
DA:384,2
DA:387,10
DA:406,126
DA:408,126
DA:409,126
DA:410,126
DA:411,126
DA:412,126
DA:415,126
DA:434,43
DA:435,43
DA:436,43
DA:437,43
DA:438,43
DA:439,43
DA:442,43
DA:464,40
DA:465,40
DA:467,40
DA:468,40
DA:474,40
DA:478,40
DA:499,197
DA:502,188
DA:503,118
DA:505,40
DA:507,30
DA:508,30
DA:511,30
DA:513,28
DA:515,24
DA:516,24
DA:519,24
DA:520,24
DA:523,24
DA:525,24
DA:529,24
DA:532,24
DA:533,24
DA:534,24
DA:547,118
DA:548,118
DA:549,118
DA:551,118
DA:553,116
DA:556,116
DA:558,112
DA:561,112
DA:564,112
DA:565,112
DA:578,40
DA:579,40
DA:580,40
DA:581,40
DA:583,40
DA:586,36
DA:587,36
DA:588,36
DA:590,36
DA:593,36
DA:595,36
DA:598,36
DA:601,36
DA:602,36
DA:619,54
DA:620,54
DA:621,54
DA:642,98
DA:646,98
DA:650,74
DA:651,36
DA:652,32
DA:655,38
DA:660,88
DA:683,8
DA:684,8
DA:687,8
DA:690,8
DA:693,6
DA:694,6
DA:696,6
DA:713,278
DA:714,276
DA:715,81
DA:717,195
DA:718,269
DA:719,269
DA:735,7
DA:736,7
DA:740,7
DA:741,7
DA:742,7
DA:743,7
DA:744,19
DA:745,19
DA:746,19
DA:748,19
DA:751,19
DA:754,18
DA:758,6
DA:774,8
DA:775,8
DA:778,8
DA:782,7
DA:783,7
DA:784,7
DA:785,7
DA:786,21
DA:787,21
DA:788,21
DA:790,21
DA:793,21
DA:796,21
DA:813,172
DA:814,172
DA:821,201
DA:828,27
DA:835,19
DA:842,3
DA:849,3
DA:856,4
DA:863,125
DA:864,125
DA:871,2993
DA:878,2238
DA:885,60
DA:892,0
DA:899,38
DA:906,0
LF:180
LH:178
BRDA:126,1,0,184
BRDA:126,1,1,52
BRDA:131,2,0,176
BRDA:131,2,1,60
BRDA:137,3,0,218
BRDA:137,3,1,0
BRDA:145,4,0,418
BRDA:145,4,1,12
BRDA:151,5,0,236
BRDA:151,5,1,1
BRDA:157,6,0,383
BRDA:157,6,1,3
BRDA:163,7,0,163
BRDA:163,7,1,1
BRDA:169,8,0,15
BRDA:169,8,1,2
BRDA:237,9,0,50
BRDA:237,9,1,2
BRDA:269,10,0,17
BRDA:269,10,1,2
BRDA:302,11,0,380
BRDA:302,11,1,3
BRDA:378,12,0,15
BRDA:378,12,1,2
BRDA:381,13,0,3
BRDA:381,13,1,12
BRDA:383,14,0,2
BRDA:383,14,1,10
BRDA:499,15,0,188
BRDA:499,15,1,9
BRDA:502,16,0,118
BRDA:502,16,1,70
BRDA:504,17,0,40
BRDA:504,17,1,30
BRDA:513,18,0,24
BRDA:513,18,1,4
BRDA:520,19,0,24
BRDA:520,19,1,0
BRDA:551,20,0,116
BRDA:551,20,1,2
BRDA:578,21,0,40
BRDA:578,21,1,0
BRDA:583,22,0,36
BRDA:583,22,1,4
BRDA:588,23,0,36
BRDA:588,23,1,0
BRDA:646,24,0,74
BRDA:646,24,1,24
BRDA:650,25,0,36
BRDA:650,25,1,38
BRDA:687,26,0,8
BRDA:687,26,1,0
BRDA:714,27,0,81
BRDA:714,27,1,195
BRDA:719,28,0,267
BRDA:719,28,1,2
BRDA:813,29,0,172
BRDA:813,29,1,0
BRF:58
BRH:52
end_of_record
TN:
SF:/Users/zhangjiashuo/Desktop/DeFi-Testing/contracts/solidity/contracts/converter/BancorConverterFactory.sol
FN:21,constructor
FN:36,createConverter
FNF:2
FNH:2
FNDA:2,constructor
FNDA:30,createConverter
DA:43,30
DA:51,28
DA:53,28
DA:54,28
DA:55,28
LF:5
LH:5
BRF:0
BRH:0
end_of_record
TN:
SF:/Users/zhangjiashuo/Desktop/DeFi-Testing/contracts/solidity/contracts/converter/BancorConverterRegistry.sol
FN:75,constructor
FN:85,addConverter
FN:112,removeConverter
FN:137,getSmartTokenCount
FN:146,getSmartTokens
FN:156,getSmartToken
FN:166,isSmartToken
FN:175,getLiquidityPoolCount
FN:184,getLiquidityPools
FN:194,getLiquidityPool
FN:204,isLiquidityPool
FN:213,getConvertibleTokenCount
FN:222,getConvertibleTokens
FN:232,getConvertibleToken
FN:242,isConvertibleToken
FN:252,getConvertibleTokenSmartTokenCount
FN:262,getConvertibleTokenSmartTokens
FN:272,getConvertibleTokenSmartToken
FN:283,isConvertibleTokenSmartToken
FN:294,getConvertersBySmartTokens
FN:309,isConverterValid
FN:332,getLiquidityPoolByReserveConfig
FN:355,isSimilarLiquidityPoolRegistered
FN:376,addSmartToken
FN:386,removeSmartToken
FN:396,addLiquidityPool
FN:406,removeLiquidityPool
FN:417,addConvertibleToken
FN:428,removeConvertibleToken
FN:433,getLeastFrequentTokenSmartTokens
FN:449,isConverterReserveConfigEqual
FN:463,getReserveRatio
FNF:32
FNH:18
FNDA:2,constructor
FNDA:21,addConverter
FNDA:14,removeConverter
FNDA:0,getSmartTokenCount
FNDA:0,getSmartTokens
FNDA:0,getSmartToken
FNDA:2288,isSmartToken
FNDA:0,getLiquidityPoolCount
FNDA:0,getLiquidityPools
FNDA:0,getLiquidityPool
FNDA:0,isLiquidityPool
FNDA:0,getConvertibleTokenCount
FNDA:0,getConvertibleTokens
FNDA:0,getConvertibleToken
FNDA:0,isConvertibleToken
FNDA:0,getConvertibleTokenSmartTokenCount
FNDA:904,getConvertibleTokenSmartTokens
FNDA:0,getConvertibleTokenSmartToken
FNDA:0,isConvertibleTokenSmartToken
FNDA:1,getConvertersBySmartTokens
FNDA:21,isConverterValid
FNDA:71,getLiquidityPoolByReserveConfig
FNDA:21,isSimilarLiquidityPoolRegistered
FNDA:15,addSmartToken
FNDA:14,removeSmartToken
FNDA:12,addLiquidityPool
FNDA:6,removeLiquidityPool
FNDA:28,addConvertibleToken
FNDA:14,removeConvertibleToken
FNDA:66,getLeastFrequentTokenSmartTokens
FNDA:30,isConverterReserveConfigEqual
FNDA:87,getReserveRatio
DA:87,21
DA:89,15
DA:90,15
DA:91,15
DA:94,15
DA:95,14
DA:96,12
DA:98,2
DA:101,14
DA:102,26
DA:114,14
DA:116,14
DA:117,14
DA:118,14
DA:121,14
DA:122,7
DA:123,6
DA:125,1
DA:128,7
DA:129,13
DA:138,0
DA:147,0
DA:157,0
DA:167,2288
DA:176,0
DA:185,0
DA:195,0
DA:205,0
DA:214,0
DA:223,0
DA:233,0
DA:243,0
DA:253,0
DA:263,904
DA:273,0
DA:284,0
DA:295,1
DA:297,1
DA:298,3
DA:300,1
DA:311,21
DA:312,21
DA:313,0
DA:316,21
DA:317,21
DA:318,39
DA:319,0
DA:322,21
DA:334,71
DA:336,66
DA:338,66
DA:339,30
DA:340,30
DA:341,30
DA:342,18
DA:346,53
DA:356,21
DA:357,21
DA:358,21
DA:361,21
DA:362,39
DA:363,39
DA:364,39
DA:368,21
DA:377,15
DA:378,14
DA:387,14
DA:388,7
DA:397,12
DA:398,12
DA:407,6
DA:408,6
DA:418,28
DA:419,28
DA:429,14
DA:430,14
DA:434,66
DA:437,66
DA:438,66
DA:439,66
DA:440,66
DA:441,66
DA:442,10
DA:443,10
DA:446,66
DA:450,30
DA:451,0
DA:453,30
DA:454,48
DA:455,12
DA:458,18
DA:464,87
DA:465,87
DA:467,87
DA:481,87
LF:95
LH:78
BRDA:87,1,0,15
BRDA:87,1,1,6
BRDA:95,2,0,12
BRDA:95,2,1,2
BRDA:114,3,0,14
BRDA:114,3,1,0
BRDA:122,4,0,6
BRDA:122,4,1,1
BRDA:312,5,0,0
BRDA:312,5,1,21
BRDA:318,6,0,0
BRDA:318,6,1,39
BRDA:334,7,0,66
BRDA:334,7,1,5
BRDA:341,8,0,18
BRDA:341,8,1,12
BRDA:441,9,0,10
BRDA:441,9,1,56
BRDA:450,10,0,0
BRDA:450,10,1,30
BRDA:454,11,0,12
BRDA:454,11,1,36
BRF:22
BRH:18
end_of_record
TN:
SF:/Users/zhangjiashuo/Desktop/DeFi-Testing/contracts/solidity/contracts/converter/BancorConverterRegistryData.sol
FN:46,constructor
FN:54,addSmartToken
FN:63,removeSmartToken
FN:72,addLiquidityPool
FN:81,removeLiquidityPool
FN:91,addConvertibleToken
FN:105,removeConvertibleToken
FN:122,getSmartTokenCount
FN:131,getSmartTokens
FN:141,getSmartToken
FN:151,isSmartToken
FN:160,getLiquidityPoolCount
FN:169,getLiquidityPools
FN:179,getLiquidityPool
FN:189,isLiquidityPool
FN:198,getConvertibleTokenCount
FN:207,getConvertibleTokens
FN:217,getConvertibleToken
FN:227,isConvertibleToken
FN:237,getConvertibleTokenSmartTokenCount
FN:247,getConvertibleTokenSmartTokens
FN:257,getConvertibleTokenSmartToken
FN:268,isConvertibleTokenSmartToken
FN:278,addItem
FN:292,removeItem
FNF:25
FNH:15
FNDA:3,constructor
FNDA:37,addSmartToken
FNDA:36,removeSmartToken
FNDA:34,addLiquidityPool
FNDA:28,removeLiquidityPool
FNDA:286,addConvertibleToken
FNDA:272,removeConvertibleToken
FNDA:0,getSmartTokenCount
FNDA:0,getSmartTokens
FNDA:20,getSmartToken
FNDA:2288,isSmartToken
FNDA:0,getLiquidityPoolCount
FNDA:0,getLiquidityPools
FNDA:20,getLiquidityPool
FNDA:0,isLiquidityPool
FNDA:0,getConvertibleTokenCount
FNDA:512,getConvertibleTokens
FNDA:0,getConvertibleToken
FNDA:0,isConvertibleToken
FNDA:132,getConvertibleTokenSmartTokenCount
FNDA:2484,getConvertibleTokenSmartTokens
FNDA:0,getConvertibleTokenSmartToken
FNDA:0,isConvertibleTokenSmartToken
FNDA:357,addItem
FNDA:336,removeItem
DA:55,37
DA:64,36
DA:73,34
DA:82,28
DA:92,286
DA:93,286
DA:94,83
DA:96,286
DA:106,272
DA:107,272
DA:108,271
DA:109,74
DA:110,74
DA:111,74
DA:112,74
DA:113,74
DA:123,0
DA:132,0
DA:142,20
DA:152,2288
DA:161,0
DA:170,0
DA:180,20
DA:190,0
DA:199,0
DA:208,512
DA:218,0
DA:228,0
DA:238,132
DA:248,2484
DA:258,0
DA:269,0
DA:279,357
DA:280,357
DA:282,353
DA:283,353
DA:293,336
DA:294,336
DA:296,326
DA:297,326
DA:298,326
DA:299,326
DA:300,326
LF:43
LH:33
BRDA:93,1,0,83
BRDA:93,1,1,203
BRDA:108,2,0,74
BRDA:108,2,1,197
BRDA:280,3,0,353
BRDA:280,3,1,4
BRDA:294,4,0,326
BRDA:294,4,1,10
BRF:8
BRH:8
end_of_record
TN:
SF:/Users/zhangjiashuo/Desktop/DeFi-Testing/contracts/solidity/contracts/converter/BancorConverterUpgrader.sol
FN:14,token
FN:15,maxConversionFee
FN:16,conversionFee
FN:19,connectorTokens
FN:20,reserveTokens
FN:69,constructor
FN:81,upgrade
FN:94,upgrade
FN:107,upgradeOld
FN:137,acceptConverterOwnership
FN:150,createConverter
FN:186,copyConnectors
FN:212,copyConversionFee
FN:225,transferConnectorsBalances
FNF:14
FNH:8
FNDA:0,token
FNDA:0,maxConversionFee
FNDA:0,conversionFee
FNDA:0,connectorTokens
FNDA:0,reserveTokens
FNDA:2,constructor
FNDA:0,upgrade
FNDA:8,upgrade
FNDA:31,upgradeOld
FNDA:31,acceptConverterOwnership
FNDA:30,createConverter
FNDA:28,copyConnectors
FNDA:28,copyConversionFee
FNDA:28,transferConnectorsBalances
DA:82,0
DA:95,8
DA:108,31
DA:109,31
DA:110,31
DA:111,31
DA:112,30
DA:113,28
DA:114,28
DA:115,28
DA:116,28
DA:118,28
DA:119,26
DA:120,26
DA:123,28
DA:124,28
DA:126,28
DA:138,31
DA:139,30
DA:151,30
DA:152,30
DA:153,30
DA:155,30
DA:156,30
DA:164,28
DA:165,28
DA:168,28
DA:170,28
DA:171,28
DA:172,28
DA:173,1
DA:176,28
DA:189,28
DA:190,28
DA:191,28
DA:192,28
DA:194,28
DA:195,54
DA:196,54
DA:198,54
DA:199,54
DA:201,54
DA:202,0
DA:213,28
DA:214,28
DA:228,28
DA:229,28
DA:231,28
DA:232,54
DA:233,54
DA:234,54
DA:235,54
LF:52
LH:50
BRDA:118,1,0,26
BRDA:118,1,1,2
BRDA:170,2,0,28
BRDA:170,2,1,0
BRDA:172,3,0,1
BRDA:172,3,1,27
BRDA:201,4,0,0
BRDA:201,4,1,54
BRF:8
BRH:6
end_of_record
TN:
SF:/Users/zhangjiashuo/Desktop/DeFi-Testing/contracts/solidity/contracts/converter/BancorFormula.sol
FN:39,constructor
FN:184,calculatePurchaseReturn
FN:218,calculateSaleReturn
FN:259,calculateCrossReserveReturn
FN:290,calculateFundCost
FN:324,calculateLiquidateReturn
FN:367,power
FN:393,generalLog
FN:420,floorLog2
FN:448,findPositionInMaxExpArray
FN:476,generalExp
FN:527,optimalLog
FN:568,optimalExp
FN:610,calculateCrossConnectorReturn
FNF:14
FNH:13
FNDA:10,constructor
FNDA:143,calculatePurchaseReturn
FNDA:56,calculateSaleReturn
FNDA:40,calculateCrossReserveReturn
FNDA:19,calculateFundCost
FNDA:21,calculateLiquidateReturn
FNDA:633,power
FNDA:724,generalLog
FNDA:1484,floorLog2
FNDA:567,findPositionInMaxExpArray
FNDA:334,generalExp
FNDA:528,optimalLog
FNDA:550,optimalExp
FNDA:0,calculateCrossConnectorReturn
DA:72,10
DA:73,10
DA:74,10
DA:75,10
DA:76,10
DA:77,10
DA:78,10
DA:79,10
DA:80,10
DA:81,10
DA:82,10
DA:83,10
DA:84,10
DA:85,10
DA:86,10
DA:87,10
DA:88,10
DA:89,10
DA:90,10
DA:91,10
DA:92,10
DA:93,10
DA:94,10
DA:95,10
DA:96,10
DA:97,10
DA:98,10
DA:99,10
DA:100,10
DA:101,10
DA:102,10
DA:103,10
DA:104,10
DA:105,10
DA:106,10
DA:107,10
DA:108,10
DA:109,10
DA:110,10
DA:111,10
DA:112,10
DA:113,10
DA:114,10
DA:115,10
DA:116,10
DA:117,10
DA:118,10
DA:119,10
DA:120,10
DA:121,10
DA:122,10
DA:123,10
DA:124,10
DA:125,10
DA:126,10
DA:127,10
DA:128,10
DA:129,10
DA:130,10
DA:131,10
DA:132,10
DA:133,10
DA:134,10
DA:135,10
DA:136,10
DA:137,10
DA:138,10
DA:139,10
DA:140,10
DA:141,10
DA:142,10
DA:143,10
DA:144,10
DA:145,10
DA:146,10
DA:147,10
DA:148,10
DA:149,10
DA:150,10
DA:151,10
DA:152,10
DA:153,10
DA:154,10
DA:155,10
DA:156,10
DA:157,10
DA:158,10
DA:159,10
DA:160,10
DA:161,10
DA:162,10
DA:163,10
DA:164,10
DA:165,10
DA:166,10
DA:167,10
DA:186,143
DA:189,143
DA:190,0
DA:193,143
DA:194,0
DA:196,143
DA:197,143
DA:198,143
DA:199,143
DA:200,143
DA:201,143
DA:220,56
DA:223,56
DA:224,2
DA:227,54
DA:228,0
DA:231,54
DA:232,0
DA:234,54
DA:235,54
DA:236,54
DA:237,54
DA:238,54
DA:239,54
DA:240,54
DA:261,40
DA:264,40
DA:265,16
DA:267,24
DA:268,24
DA:269,24
DA:270,24
DA:271,24
DA:272,24
DA:273,24
DA:292,19
DA:295,19
DA:296,0
DA:299,19
DA:300,13
DA:302,6
DA:303,6
DA:304,6
DA:305,6
DA:306,6
DA:307,6
DA:326,21
DA:329,21
DA:330,0
DA:333,21
DA:334,3
DA:337,18
DA:338,12
DA:340,6
DA:341,6
DA:342,6
DA:343,6
DA:344,6
DA:345,6
DA:346,6
DA:368,633
DA:370,633
DA:371,633
DA:372,633
DA:373,428
DA:376,205
DA:379,633
DA:380,633
DA:381,450
DA:384,183
DA:385,46
DA:394,724
DA:397,724
DA:398,719
DA:399,719
DA:400,719
DA:404,724
DA:405,590
DA:406,74930
DA:407,74930
DA:408,49676
DA:409,49676
DA:414,724
DA:421,1484
DA:423,1484
DA:425,56
DA:426,209
DA:427,209
DA:432,1428
DA:433,11424
DA:434,4984
DA:435,4984
DA:440,1484
DA:449,567
DA:450,567
DA:452,567
DA:453,3679
DA:454,3679
DA:455,1463
DA:457,2216
DA:460,567
DA:461,3
DA:462,564
DA:463,426
DA:465,138
DA:466,0
DA:477,334
DA:478,334
DA:513,334
DA:528,528
DA:530,528
DA:531,528
DA:532,528
DA:534,528
DA:535,528
DA:536,528
DA:537,528
DA:538,528
DA:539,528
DA:540,528
DA:541,528
DA:543,528
DA:544,528
DA:552,528
DA:554,528
DA:569,550
DA:571,550
DA:572,550
DA:574,550
DA:594,550
DA:596,550
DA:597,550
DA:598,550
DA:599,550
DA:600,550
DA:601,550
DA:602,550
DA:604,550
DA:611,0
LF:235
LH:227
BRDA:186,1,0,143
BRDA:186,1,1,0
BRDA:189,2,0,0
BRDA:189,2,1,143
BRDA:193,3,0,0
BRDA:193,3,1,143
BRDA:220,4,0,56
BRDA:220,4,1,0
BRDA:223,5,0,2
BRDA:223,5,1,54
BRDA:227,6,0,0
BRDA:227,6,1,54
BRDA:231,7,0,0
BRDA:231,7,1,54
BRDA:261,8,0,40
BRDA:261,8,1,0
BRDA:264,9,0,16
BRDA:264,9,1,24
BRDA:292,10,0,19
BRDA:292,10,1,0
BRDA:295,11,0,0
BRDA:295,11,1,19
BRDA:299,12,0,13
BRDA:299,12,1,6
BRDA:326,13,0,21
BRDA:326,13,1,0
BRDA:329,14,0,0
BRDA:329,14,1,21
BRDA:333,15,0,3
BRDA:333,15,1,18
BRDA:337,16,0,12
BRDA:337,16,1,6
BRDA:368,17,0,633
BRDA:368,17,1,0
BRDA:372,18,0,428
BRDA:372,18,1,205
BRDA:380,19,0,450
BRDA:380,19,1,183
BRDA:397,20,0,719
BRDA:397,20,1,5
BRDA:404,21,0,590
BRDA:404,21,1,134
BRDA:407,22,0,49676
BRDA:407,22,1,25254
BRDA:423,23,0,56
BRDA:423,23,1,1428
BRDA:433,24,0,4984
BRDA:433,24,1,6440
BRDA:454,25,0,1463
BRDA:454,25,1,2216
BRDA:460,26,0,3
BRDA:460,26,1,564
BRDA:462,27,0,426
BRDA:462,27,1,138
BRDA:465,28,0,0
BRDA:465,28,1,138
BRDA:534,29,0,75
BRDA:534,29,1,453
BRDA:535,30,0,84
BRDA:535,30,1,444
BRDA:536,31,0,80
BRDA:536,31,1,448
BRDA:537,32,0,105
BRDA:537,32,1,423
BRDA:538,33,0,147
BRDA:538,33,1,381
BRDA:539,34,0,99
BRDA:539,34,1,429
BRDA:540,35,0,97
BRDA:540,35,1,431
BRDA:541,36,0,116
BRDA:541,36,1,412
BRDA:596,37,0,79
BRDA:596,37,1,471
BRDA:597,38,0,60
BRDA:597,38,1,490
BRDA:598,39,0,59
BRDA:598,39,1,491
BRDA:599,40,0,56
BRDA:599,40,1,494
BRDA:600,41,0,56
BRDA:600,41,1,494
BRDA:601,42,0,58
BRDA:601,42,1,492
BRDA:602,43,0,59
BRDA:602,43,1,491
BRF:86
BRH:73
end_of_record
TN:
SF:/Users/zhangjiashuo/Desktop/DeFi-Testing/contracts/solidity/contracts/converter/interfaces/IBancorConverter.sol
FN:12,conversionWhitelist
FN:13,conversionFee
FN:14,reserves
FN:16,reserveTokens
FNF:4
FNH:0
FNDA:0,conversionWhitelist
FNDA:0,conversionFee
FNDA:0,reserves
FNDA:0,reserveTokens
LF:0
LH:0
BRF:0
BRH:0
end_of_record
TN:
SF:/Users/zhangjiashuo/Desktop/DeFi-Testing/contracts/solidity/contracts/converter/interfaces/IBancorConverterFactory.sol
FNF:0
FNH:0
LF:0
LH:0
BRF:0
BRH:0
end_of_record
TN:
SF:/Users/zhangjiashuo/Desktop/DeFi-Testing/contracts/solidity/contracts/converter/interfaces/IBancorConverterRegistry.sol
FNF:0
FNH:0
LF:0
LH:0
BRF:0
BRH:0
end_of_record
TN:
SF:/Users/zhangjiashuo/Desktop/DeFi-Testing/contracts/solidity/contracts/converter/interfaces/IBancorConverterRegistryData.sol
FNF:0
FNH:0
LF:0
LH:0
BRF:0
BRH:0
end_of_record
TN:
SF:/Users/zhangjiashuo/Desktop/DeFi-Testing/contracts/solidity/contracts/converter/interfaces/IBancorConverterUpgrader.sol
FNF:0
FNH:0
LF:0
LH:0
BRF:0
BRH:0
end_of_record
TN:
SF:/Users/zhangjiashuo/Desktop/DeFi-Testing/contracts/solidity/contracts/converter/interfaces/IBancorFormula.sol
FNF:0
FNH:0
LF:0
LH:0
BRF:0
BRH:0
end_of_record
TN:
SF:/Users/zhangjiashuo/Desktop/DeFi-Testing/contracts/solidity/contracts/crowdsale/CrowdsaleController.sol
FN:44,constructor
FN:60,validGasPrice
FN:66,validEtherCap
FN:72,earlierThan
FN:78,between
FN:84,btcsOnly
FN:90,etherCapNotReached
FN:96,btcsEtherCapNotReached
FN:109,computeRealCap
FN:119,enableRealCap
FN:137,computeReturn
FN:147,contributeETH
FN:162,contributeBTCs
FN:179,processContribution
FN:196,
FNF:15
FNH:13
FNDA:25,constructor
FNDA:6,validGasPrice
FNDA:5,validEtherCap
FNDA:33,earlierThan
FNDA:13,between
FNDA:8,btcsOnly
FNDA:7,etherCapNotReached
FNDA:0,btcsEtherCapNotReached
FNDA:5,computeRealCap
FNDA:2,enableRealCap
FNDA:7,computeReturn
FNDA:5,contributeETH
FNDA:4,contributeBTCs
FNDA:4,processContribution
FNDA:0,
DA:52,25
DA:53,25
DA:54,25
DA:55,25
DA:56,25
DA:61,6
DA:62,4
DA:67,5
DA:68,2
DA:73,33
DA:74,30
DA:79,13
DA:80,10
DA:85,8
DA:86,7
DA:91,7
DA:92,6
DA:97,0
DA:98,0
DA:110,5
DA:126,2
DA:127,2
DA:138,7
DA:153,5
DA:170,4
DA:185,4
DA:186,4
DA:187,4
DA:188,4
DA:189,4
DA:191,4
DA:192,4
DA:197,0
LF:33
LH:30
BRDA:61,1,0,4
BRDA:61,1,1,2
BRDA:67,2,0,2
BRDA:67,2,1,3
BRDA:73,3,0,30
BRDA:73,3,1,3
BRDA:79,4,0,10
BRDA:79,4,1,3
BRDA:85,5,0,7
BRDA:85,5,1,1
BRDA:91,6,0,6
BRDA:91,6,1,1
BRDA:97,7,0,0
BRDA:97,7,1,0
BRDA:126,8,0,2
BRDA:126,8,1,0
BRF:16
BRH:13
end_of_record
TN:
SF:/Users/zhangjiashuo/Desktop/DeFi-Testing/contracts/solidity/contracts/FeatureIds.sol
FNF:0
FNH:0
LF:0
LH:0
BRF:0
BRH:0
end_of_record
TN:
SF:/Users/zhangjiashuo/Desktop/DeFi-Testing/contracts/solidity/contracts/helpers/NonStandardERC20Token.sol
FN:31,constructor
FN:48,transfer
FN:67,transferFrom
FN:91,approve
FNF:4
FNH:4
FNDA:4,constructor
FNDA:150,transfer
FNDA:10,transferFrom
FNDA:10,approve
DA:32,4
DA:34,4
DA:35,4
DA:36,4
DA:52,150
DA:53,150
DA:54,150
DA:72,10
DA:73,10
DA:74,10
DA:75,10
DA:96,10
DA:98,10
DA:99,10
LF:14
LH:14
BRDA:32,1,0,4
BRDA:32,1,1,0
BRDA:96,2,0,10
BRDA:96,2,1,0
BRF:4
BRH:2
end_of_record
TN:
SF:/Users/zhangjiashuo/Desktop/DeFi-Testing/contracts/solidity/contracts/helpers/NonStandardSmartToken.sol
FN:32,constructor
FN:40,transfersAllowed
FN:51,disableTransfers
FN:62,issue
FN:82,destroy
FN:102,transfer
FN:115,transferFrom
FNF:7
FNH:5
FNDA:2,constructor
FNDA:12,transfersAllowed
FNDA:0,disableTransfers
FNDA:24,issue
FNDA:16,destroy
FNDA:12,transfer
FNDA:0,transferFrom
DA:36,2
DA:41,12
DA:42,12
DA:52,0
DA:68,24
DA:69,24
DA:71,24
DA:72,24
DA:83,16
DA:85,16
DA:86,16
DA:88,16
DA:89,16
DA:103,12
DA:116,0
LF:15
LH:13
BRDA:41,1,0,12
BRDA:41,1,1,0
BRDA:83,2,0,16
BRDA:83,2,1,0
BRF:4
BRH:2
end_of_record
TN:
SF:/Users/zhangjiashuo/Desktop/DeFi-Testing/contracts/solidity/contracts/helpers/TestBancorFormula.sol
FN:8,constructor
FN:11,powerTest
FN:15,generalLogTest
FN:19,floorLog2Test
FN:23,findPositionInMaxExpArrayTest
FN:27,generalExpTest
FN:31,optimalLogTest
FN:35,optimalExpTest
FNF:8
FNH:8
FNDA:1,constructor
FNDA:400,powerTest
FNDA:519,generalLogTest
FNDA:765,floorLog2Test
FNDA:384,findPositionInMaxExpArrayTest
FNDA:288,generalExpTest
FNDA:100,optimalLogTest
FNDA:100,optimalExpTest
DA:12,400
DA:16,519
DA:20,765
DA:24,384
DA:28,288
DA:32,100
DA:36,100
LF:7
LH:7
BRF:0
BRH:0
end_of_record
TN:
SF:/Users/zhangjiashuo/Desktop/DeFi-Testing/contracts/solidity/contracts/helpers/TestBancorNetwork.sol
FN:7,constructor
FN:11,getReturn
FN:23,constructor
FN:28,getReturn
FN:40,constructor
FN:45,getReturnOld
FN:49,getReturnNew
FNF:7
FNH:7
FNDA:200,constructor
FNDA:100,getReturn
FNDA:200,constructor
FNDA:100,getReturn
FNDA:200,constructor
FNDA:100,getReturnOld
FNDA:100,getReturnNew
DA:8,200
DA:12,100
DA:13,100
DA:14,100
DA:15,100
DA:24,200
DA:25,200
DA:29,100
DA:30,100
DA:31,100
DA:32,100
DA:41,200
DA:42,200
DA:46,100
DA:50,100
LF:15
LH:15
BRF:0
BRH:0
end_of_record
TN:
SF:/Users/zhangjiashuo/Desktop/DeFi-Testing/contracts/solidity/contracts/helpers/TestCrowdsaleController.sol
FN:13,constructor
FN:27,btcsEtherCapNotReached
FNF:2
FNH:2
FNDA:23,constructor
FNDA:7,btcsEtherCapNotReached
DA:23,23
DA:24,23
DA:28,7
DA:29,6
LF:4
LH:4
BRDA:28,1,0,6
BRDA:28,1,1,1
BRF:2
BRH:2
end_of_record
TN:
SF:/Users/zhangjiashuo/Desktop/DeFi-Testing/contracts/solidity/contracts/helpers/TestFeatures.sol
FN:10,constructor
FN:14,enableFeatures
FNF:2
FNH:2
FNDA:5,constructor
FNDA:10,enableFeatures
DA:11,5
DA:15,10
LF:2
LH:2
BRF:0
BRH:0
end_of_record
TN:
SF:/Users/zhangjiashuo/Desktop/DeFi-Testing/contracts/solidity/contracts/helpers/TestNonStandardERC20Token.sol
FN:8,constructor
FNF:1
FNH:1
FNDA:2,constructor
DA:12,2
DA:13,2
LF:2
LH:2
BRF:0
BRH:0
end_of_record
TN:
SF:/Users/zhangjiashuo/Desktop/DeFi-Testing/contracts/solidity/contracts/helpers/TestSafeMath.sol
FN:11,constructor
FN:14,testSafeAdd
FN:18,testSafeSub
FN:22,testSafeMul
FNF:4
FNH:4
FNDA:6,constructor
FNDA:2,testSafeAdd
FNDA:2,testSafeSub
FNDA:2,testSafeMul
DA:15,2
DA:19,2
DA:23,2
LF:3
LH:3
BRF:0
BRH:0
end_of_record
TN:
SF:/Users/zhangjiashuo/Desktop/DeFi-Testing/contracts/solidity/contracts/IBancorNetwork.sol
FNF:0
FNH:0
LF:0
LH:0
BRF:0
BRH:0
end_of_record
TN:
SF:/Users/zhangjiashuo/Desktop/DeFi-Testing/contracts/solidity/contracts/token/ERC20Token.sol
FN:46,constructor
FN:65,transfer
FN:86,transferFrom
FN:112,approve
FNF:4
FNH:4
FNDA:410,constructor
FNDA:504,transfer
FNDA:217,transferFrom
FNDA:243,approve
DA:47,410
DA:49,408
DA:50,408
DA:51,408
DA:52,408
DA:53,408
DA:70,504
DA:71,502
DA:72,502
DA:73,502
DA:92,217
DA:93,210
DA:94,205
DA:95,205
DA:96,205
DA:118,243
DA:120,243
DA:121,243
DA:122,243
LF:19
LH:19
BRDA:47,1,0,408
BRDA:47,1,1,2
BRDA:118,2,0,243
BRDA:118,2,1,0
BRF:4
BRH:3
end_of_record
TN:
SF:/Users/zhangjiashuo/Desktop/DeFi-Testing/contracts/solidity/contracts/token/EtherToken.sol
FN:34,constructor
FN:42,deposit
FN:51,withdraw
FN:60,depositTo
FN:78,withdrawTo
FN:101,transfer
FN:120,transferFrom
FN:132,
FNF:8
FNH:8
FNDA:56,constructor
FNDA:96,deposit
FNDA:2,withdraw
FNDA:97,depositTo
FNDA:15,withdrawTo
FNDA:23,transfer
FNDA:94,transferFrom
FNDA:2,
DA:43,96
DA:52,2
DA:65,97
DA:66,97
DA:68,97
DA:69,97
DA:82,15
DA:83,15
DA:84,15
DA:86,15
DA:87,15
DA:106,23
DA:107,23
DA:125,94
DA:126,86
DA:133,2
LF:16
LH:16
BRDA:106,1,0,23
BRDA:106,1,1,0
BRDA:125,2,0,86
BRDA:125,2,1,8
BRF:4
BRH:3
end_of_record
TN:
SF:/Users/zhangjiashuo/Desktop/DeFi-Testing/contracts/solidity/contracts/token/interfaces/IERC20Token.sol
FN:8,name
FN:9,symbol
FN:10,decimals
FN:11,totalSupply
FN:12,balanceOf
FN:13,allowance
FNF:6
FNH:0
FNDA:0,name
FNDA:0,symbol
FNDA:0,decimals
FNDA:0,totalSupply
FNDA:0,balanceOf
FNDA:0,allowance
LF:0
LH:0
BRF:0
BRH:0
end_of_record
TN:
SF:/Users/zhangjiashuo/Desktop/DeFi-Testing/contracts/solidity/contracts/token/interfaces/IEtherToken.sol
FNF:0
FNH:0
LF:0
LH:0
BRF:0
BRH:0
end_of_record
TN:
SF:/Users/zhangjiashuo/Desktop/DeFi-Testing/contracts/solidity/contracts/token/interfaces/INonStandardERC20.sol
FN:8,name
FN:9,symbol
FN:10,decimals
FN:11,totalSupply
FN:12,balanceOf
FN:13,allowance
FNF:6
FNH:0
FNDA:0,name
FNDA:0,symbol
FNDA:0,decimals
FNDA:0,totalSupply
FNDA:0,balanceOf
FNDA:0,allowance
LF:0
LH:0
BRF:0
BRH:0
end_of_record
TN:
SF:/Users/zhangjiashuo/Desktop/DeFi-Testing/contracts/solidity/contracts/token/interfaces/ISmartToken.sol
FNF:0
FNH:0
LF:0
LH:0
BRF:0
BRH:0
end_of_record
TN:
SF:/Users/zhangjiashuo/Desktop/DeFi-Testing/contracts/solidity/contracts/token/interfaces/ISmartTokenController.sol
FN:9,token
FNF:1
FNH:0
FNDA:0,token
LF:0
LH:0
BRF:0
BRH:0
end_of_record
TN:
SF:/Users/zhangjiashuo/Desktop/DeFi-Testing/contracts/solidity/contracts/token/SmartToken.sol
FN:49,constructor
FN:57,transfersAllowed
FN:68,disableTransfers
FN:79,issue
FN:99,destroy
FN:121,transfer
FN:137,transferFrom
FNF:7
FNH:7
FNDA:263,constructor
FNDA:208,transfersAllowed
FNDA:4,disableTransfers
FNDA:410,issue
FNDA:118,destroy
FNDA:172,transfer
FNDA:34,transferFrom
DA:53,263
DA:58,208
DA:59,206
DA:69,4
DA:85,410
DA:86,410
DA:88,410
DA:89,410
DA:100,118
DA:102,115
DA:103,112
DA:105,112
DA:106,112
DA:122,172
DA:123,172
DA:138,34
DA:139,34
LF:17
LH:17
BRDA:58,1,0,206
BRDA:58,1,1,2
BRDA:100,2,0,115
BRDA:100,2,1,3
BRDA:122,3,0,172
BRDA:122,3,1,0
BRDA:138,4,0,34
BRDA:138,4,1,0
BRF:8
BRH:6
end_of_record
TN:
SF:/Users/zhangjiashuo/Desktop/DeFi-Testing/contracts/solidity/contracts/token/SmartTokenController.sol
FN:31,constructor
FN:39,active
FN:45,inactive
FN:57,transferTokenOwnership
FN:65,acceptTokenOwnership
FN:77,withdrawFromToken
FN:88,claimTokens
FN:101,setBancorX
FNF:8
FNH:8
FNDA:281,constructor
FNDA:240,active
FNDA:389,inactive
FNDA:8,transferTokenOwnership
FNDA:191,acceptTokenOwnership
FNDA:2,withdrawFromToken
FNDA:45,claimTokens
FNDA:24,setBancorX
DA:35,281
DA:40,240
DA:41,232
DA:46,389
DA:47,388
DA:58,8
DA:66,191
DA:78,2
DA:90,45
DA:93,43
DA:94,43
DA:102,24
LF:12
LH:12
BRDA:40,1,0,232
BRDA:40,1,1,8
BRDA:46,2,0,388
BRDA:46,2,1,1
BRDA:90,3,0,43
BRDA:90,3,1,2
BRF:6
BRH:6
end_of_record
TN:
SF:/Users/zhangjiashuo/Desktop/DeFi-Testing/contracts/solidity/contracts/utility/ContractFeatures.sol
FN:41,constructor
FN:52,isSupported
FN:62,enableFeatures
FNF:3
FNH:3
FNDA:15,constructor
FNDA:444,isSupported
FNDA:216,enableFeatures
DA:53,444
DA:63,216
DA:64,215
DA:65,1
DA:67,214
DA:69,214
DA:71,1
DA:72,0
DA:74,1
DA:76,1
LF:10
LH:9
BRDA:63,1,0,215
BRDA:63,1,1,1
BRDA:64,2,0,1
BRDA:64,2,1,214
BRDA:71,3,0,0
BRDA:71,3,1,1
BRF:6
BRH:5
end_of_record
TN:
SF:/Users/zhangjiashuo/Desktop/DeFi-Testing/contracts/solidity/contracts/utility/ContractRegistry.sol
FN:39,itemCount
FN:50,addressOf
FN:60,registerAddress
FN:86,unregisterAddress
FN:120,bytes32ToString
FN:135,stringToBytes32
FN:146,getAddress
FNF:7
FNH:7
FNDA:3,itemCount
FNDA:5435,addressOf
FNDA:114,registerAddress
FNDA:4,unregisterAddress
FNDA:100,bytes32ToString
FNDA:2,stringToBytes32
FNDA:13,getAddress
DA:40,3
DA:51,5435
DA:65,114
DA:67,114
DA:69,100
DA:71,100
DA:75,114
DA:78,114
DA:87,4
DA:88,4
DA:91,3
DA:95,3
DA:96,2
DA:97,2
DA:99,2
DA:100,2
DA:101,2
DA:102,2
DA:106,3
DA:108,3
DA:111,3
DA:121,100
DA:122,100
DA:123,3200
DA:126,100
DA:136,2
DA:137,2
DA:140,2
DA:147,13
LF:29
LH:29
BRDA:65,1,0,114
BRDA:65,1,1,0
BRDA:67,2,0,100
BRDA:67,2,1,14
BRDA:87,3,0,4
BRDA:87,3,1,0
BRDA:88,4,0,3
BRDA:88,4,1,1
BRDA:95,5,0,2
BRDA:95,5,1,1
BRF:10
BRH:8
end_of_record
TN:
SF:/Users/zhangjiashuo/Desktop/DeFi-Testing/contracts/solidity/contracts/utility/ContractRegistryClient.sol
FN:31,only
FN:41,constructor
FN:49,updateRegistry
FN:72,restoreRegistry
FN:82,restrictRegistryUpdate
FN:94,addressOf
FNF:6
FNH:6
FNDA:910,only
FNDA:497,constructor
FNDA:7,updateRegistry
FNDA:1,restoreRegistry
FNDA:1,restrictRegistryUpdate
FNDA:5375,addressOf
DA:32,910
DA:33,902
DA:42,497
DA:43,497
DA:51,7
DA:54,6
DA:57,6
DA:60,4
DA:63,3
DA:66,3
DA:74,1
DA:84,1
DA:95,5375
LF:13
LH:13
BRDA:32,1,0,902
BRDA:32,1,1,8
BRDA:51,2,0,6
BRDA:51,2,1,1
BRDA:57,3,0,4
BRDA:57,3,1,2
BRDA:60,4,0,3
BRDA:60,4,1,1
BRF:8
BRH:8
end_of_record
TN:
SF:/Users/zhangjiashuo/Desktop/DeFi-Testing/contracts/solidity/contracts/utility/interfaces/IContractFeatures.sol
FNF:0
FNH:0
LF:0
LH:0
BRF:0
BRH:0
end_of_record
TN:
SF:/Users/zhangjiashuo/Desktop/DeFi-Testing/contracts/solidity/contracts/utility/interfaces/IContractRegistry.sol
FNF:0
FNH:0
LF:0
LH:0
BRF:0
BRH:0
end_of_record
TN:
SF:/Users/zhangjiashuo/Desktop/DeFi-Testing/contracts/solidity/contracts/utility/interfaces/IOwned.sol
FN:8,owner
FNF:1
FNH:0
FNDA:0,owner
LF:0
LH:0
BRF:0
BRH:0
end_of_record
TN:
SF:/Users/zhangjiashuo/Desktop/DeFi-Testing/contracts/solidity/contracts/utility/interfaces/ITokenHolder.sol
FNF:0
FNH:0
LF:0
LH:0
BRF:0
BRH:0
end_of_record
TN:
SF:/Users/zhangjiashuo/Desktop/DeFi-Testing/contracts/solidity/contracts/utility/interfaces/IWhitelist.sol
FNF:0
FNH:0
LF:0
LH:0
BRF:0
BRH:0
end_of_record
TN:
SF:/Users/zhangjiashuo/Desktop/DeFi-Testing/contracts/solidity/contracts/utility/Owned.sol
FN:22,constructor
FN:27,ownerOnly
FN:39,transferOwnership
FN:47,acceptOwnership
FNF:4
FNH:4
FNDA:906,constructor
FNDA:1906,ownerOnly
FNDA:295,transferOwnership
FNDA:260,acceptOwnership
DA:23,906
DA:28,1906
DA:29,1859
DA:40,295
DA:41,295
DA:48,260
DA:49,259
DA:50,259
DA:51,259
LF:9
LH:9
BRDA:28,1,0,1859
BRDA:28,1,1,47
BRDA:40,2,0,295
BRDA:40,2,1,0
BRDA:48,3,0,259
BRDA:48,3,1,1
BRF:6
BRH:5
end_of_record
TN:
SF:/Users/zhangjiashuo/Desktop/DeFi-Testing/contracts/solidity/contracts/utility/SafeMath.sol
FN:15,add
FN:29,sub
FN:42,mul
FN:60,div
FNF:4
FNH:4
FNDA:2228,add
FNDA:1536,sub
FNDA:646,mul
FNDA:280,div
DA:16,2228
DA:17,2228
DA:18,2227
DA:30,1536
DA:31,1518
DA:44,646
DA:45,11
DA:47,635
DA:48,635
DA:49,634
DA:61,280
DA:62,280
DA:64,280
LF:13
LH:13
BRDA:17,1,0,2227
BRDA:17,1,1,1
BRDA:30,2,0,1518
BRDA:30,2,1,18
BRDA:44,3,0,11
BRDA:44,3,1,635
BRDA:48,4,0,634
BRDA:48,4,1,1
BRDA:61,5,0,280
BRDA:61,5,1,0
BRF:10
BRH:9
end_of_record
TN:
SF:/Users/zhangjiashuo/Desktop/DeFi-Testing/contracts/solidity/contracts/utility/TokenHolder.sol
FN:23,constructor
FN:34,withdrawTokens
FNF:2
FNH:2
FNDA:805,constructor
FNDA:18,withdrawTokens
DA:41,18
LF:1
LH:1
BRF:0
BRH:0
end_of_record
TN:
SF:/Users/zhangjiashuo/Desktop/DeFi-Testing/contracts/solidity/contracts/utility/Utils.sol
FN:10,constructor
FN:14,greaterThanZero
FN:20,validAddress
FN:26,notThis
FNF:4
FNH:4
FNDA:1052,constructor
FNDA:227,greaterThanZero
FNDA:3215,validAddress
FNDA:1105,notThis
DA:15,227
DA:16,222
DA:21,3215
DA:22,3198
DA:27,1105
DA:28,1099
LF:6
LH:6
BRDA:15,1,0,222
BRDA:15,1,1,5
BRDA:21,2,0,3198
BRDA:21,2,1,17
BRDA:27,3,0,1099
BRDA:27,3,1,6
BRF:6
BRH:6
end_of_record
TN:
SF:/Users/zhangjiashuo/Desktop/DeFi-Testing/contracts/solidity/contracts/utility/Whitelist.sol
FN:29,constructor
FN:39,isWhitelisted
FN:48,addAddress
FN:65,addAddresses
FN:76,removeAddress
FN:89,removeAddresses
FNF:6
FNH:6
FNDA:20,constructor
FNDA:29,isWhitelisted
FNDA:17,addAddress
FNDA:4,addAddresses
FNDA:5,removeAddress
FNDA:2,removeAddresses
DA:40,29
DA:53,17
DA:54,1
DA:56,16
DA:57,16
DA:66,4
DA:67,9
DA:77,5
DA:78,1
DA:80,4
DA:81,4
DA:90,2
DA:91,3
LF:13
LH:13
BRDA:53,1,0,1
BRDA:53,1,1,16
BRDA:77,2,0,1
BRDA:77,2,1,4
BRF:4
BRH:4
end_of_record
